<?xml version="1.0" encoding="UTF-8"?>
<testsuite name="HangmanTest" tests="6" skipped="0" failures="0" errors="0" timestamp="2016-09-08T23:13:53" hostname="epicodus-108.local" time="0.005">
  <properties/>
  <testcase name="getGuessesLeft_returnsRemaingGuessCount_int" classname="HangmanTest" time="0.003"/>
  <testcase name="loseCheck_returnsLoser_boolean" classname="HangmanTest" time="0.001"/>
  <testcase name="getGuessedCharacters_returnsArrayListOfGuessedCharactersForGame_ArrayList" classname="HangmanTest" time="0.001"/>
  <testcase name="getHiddenWord_returnsInitialHiddenWord_charArray" classname="HangmanTest" time="0.0"/>
  <testcase name="winCheck_returnsWinner_boolean" classname="HangmanTest" time="0.0"/>
  <testcase name="constructor_CheckObjectInstantion_true" classname="HangmanTest" time="0.0"/>
  <system-out><![CDATA[]]></system-out>
  <system-err><![CDATA[]]></system-err>
</testsuite>
